<?xml version="1.0" encoding="UTF-8"?>
<TestRun id="b634e7b6-51ee-4b4e-b618-09ea840389b9" name="PFROZI@PFROZI-PC 2013-11-14 11:12:24" runUser="PFROZI-PC\PFROZI" xmlns="http://microsoft.com/schemas/VisualStudio/TeamTest/2010">
  <TestSettings name="Default Test Settings" id="0dbbe4a2-b2dd-4001-867f-4e10eff327e7">
    <Deployment runDeploymentRoot="PFROZI_PFROZI-PC 2013-11-14 11_12_24">
      <DeploymentItem filename="C:\Users\PFROZI\documents\visual studio 2010\Projects\troca-figurinhas-web\packages\EntityFramework.4.1.10331.0\lib\EntityFramework.dll" />
      <DeploymentItem filename="C:\Users\PFROZI\documents\visual studio 2010\Projects\troca-figurinhas-web\troca-figurinhas-web\bin\TrocaFigurinhas.dll" />
    </Deployment>
    <Execution>
      <TestTypeSpecific />
      <AgentRule name="Execution Agents">
      </AgentRule>
    </Execution>
  </TestSettings>
  <Times creation="2013-11-14T11:12:24.0741567-02:00" queuing="2013-11-14T11:12:30.4685224-02:00" start="2013-11-14T11:12:30.8795459-02:00" finish="2013-11-14T11:13:14.4280367-02:00" />
  <ResultSummary outcome="Error">
    <Counters total="1" executed="1" error="0" failed="0" timeout="0" aborted="1" inconclusive="0" passedButRunAborted="0" notRunnable="0" notExecuted="0" disconnected="0" warning="0" passed="0" completed="0" inProgress="0" pending="0" />
    <RunInfos>
      <RunInfo computerName="PFROZI-PC" outcome="Error" timestamp="2013-11-14T11:13:14.4100357-02:00">
        <Text>Test host process exited unexpectedly.</Text>
      </RunInfo>
    </RunInfos>
  </ResultSummary>
  <TestDefinitions>
    <UnitTest name="TestMethod1" storage="c:\users\pfrozi\documents\visual studio 2010\projects\troca-figurinhas-web\troca-figurinhas-web.tests\bin\debug\troca-figurinhas-web.tests.dll" id="8ccc8e44-7f4f-3e44-c273-57f7ee6f033f">
      <Execution id="3e060b2b-01bc-4bc8-a03b-5d87f366ce8a" />
      <TestMethod codeBase="C:/Users/PFROZI/documents/visual studio 2010/Projects/troca-figurinhas-web/troca-figurinhas-web.Tests/bin/Debug/troca-figurinhas-web.Tests.DLL" adapterTypeName="Microsoft.VisualStudio.TestTools.TestTypes.Unit.UnitTestAdapter, Microsoft.VisualStudio.QualityTools.Tips.UnitTest.Adapter, Version=10.0.0.0, Culture=neutral, PublicKeyToken=b03f5f7f11d50a3a" className="TrocaFigurinhas.Tests.Business.UnitTest1, troca-figurinhas-web.Tests, Version=1.0.0.0, Culture=neutral, PublicKeyToken=null" name="TestMethod1" />
    </UnitTest>
  </TestDefinitions>
  <TestLists>
    <TestList name="Results Not in a List" id="8c84fa94-04c1-424b-9868-57a2d4851a1d" />
    <TestList name="All Loaded Results" id="19431567-8539-422a-85d7-44ee4e166bda" />
  </TestLists>
  <TestEntries>
    <TestEntry testId="8ccc8e44-7f4f-3e44-c273-57f7ee6f033f" executionId="3e060b2b-01bc-4bc8-a03b-5d87f366ce8a" testListId="8c84fa94-04c1-424b-9868-57a2d4851a1d" />
  </TestEntries>
  <Results>
    <UnitTestResult executionId="3e060b2b-01bc-4bc8-a03b-5d87f366ce8a" testId="8ccc8e44-7f4f-3e44-c273-57f7ee6f033f" testName="TestMethod1" computerName="PFROZI-PC" duration="00:00:43.1844700" startTime="2013-11-14T11:12:31.2435667-02:00" endTime="2013-11-14T11:13:14.4280367-02:00" testType="13cdc9d9-ddb5-4fa4-a97d-d965ccfc6d4b" outcome="Aborted" testListId="8c84fa94-04c1-424b-9868-57a2d4851a1d" relativeResultsDirectory="3e060b2b-01bc-4bc8-a03b-5d87f366ce8a">
    </UnitTestResult>
  </Results>
</TestRun>