<?xml version="1.0" encoding="UTF-8"?>
<TestRun id="e908533e-a0e5-404f-b0bf-d7561cda0cc5" name="PFROZI@PFROZI-PC 2013-11-14 11:18:59" runUser="PFROZI-PC\PFROZI" xmlns="http://microsoft.com/schemas/VisualStudio/TeamTest/2010">
  <TestSettings name="Default Test Settings" id="93b50ea9-444e-4931-a1d1-ec8bdc9e617d">
    <Deployment runDeploymentRoot="PFROZI_PFROZI-PC 2013-11-14 11_18_59">
      <DeploymentItem filename="C:\Users\PFROZI\documents\visual studio 2010\Projects\troca-figurinhas-web\packages\EntityFramework.4.1.10331.0\lib\EntityFramework.dll" />
      <DeploymentItem filename="C:\Users\PFROZI\documents\visual studio 2010\Projects\troca-figurinhas-web\troca-figurinhas-web\bin\TrocaFigurinhas.dll" />
    </Deployment>
    <Execution>
      <TestTypeSpecific />
      <AgentRule name="Execution Agents">
      </AgentRule>
    </Execution>
  </TestSettings>
  <Times creation="2013-11-14T11:18:59.3567655-02:00" queuing="2013-11-14T11:19:09.1333247-02:00" start="2013-11-14T11:19:09.7263586-02:00" finish="2013-11-14T11:19:58.1901306-02:00" />
  <ResultSummary outcome="Error">
    <Counters total="3" executed="2" passed="1" error="0" failed="0" timeout="0" aborted="1" inconclusive="0" passedButRunAborted="0" notRunnable="0" notExecuted="1" disconnected="0" warning="0" completed="0" inProgress="0" pending="0" />
    <RunInfos>
      <RunInfo computerName="PFROZI-PC" outcome="Error" timestamp="2013-11-14T11:19:58.1611290-02:00">
        <Text>Test host process exited unexpectedly.</Text>
      </RunInfo>
    </RunInfos>
  </ResultSummary>
  <TestDefinitions>
    <UnitTest name="TestMethod1" storage="c:\users\pfrozi\documents\visual studio 2010\projects\troca-figurinhas-web\troca-figurinhas-web.tests\bin\debug\troca-figurinhas-web.tests.dll" id="8ccc8e44-7f4f-3e44-c273-57f7ee6f033f">
      <Execution id="7e47a000-1802-4a56-a1ec-afbe51f943de" />
      <TestMethod codeBase="C:/Users/PFROZI/documents/visual studio 2010/Projects/troca-figurinhas-web/troca-figurinhas-web.Tests/bin/Debug/troca-figurinhas-web.Tests.DLL" adapterTypeName="Microsoft.VisualStudio.TestTools.TestTypes.Unit.UnitTestAdapter, Microsoft.VisualStudio.QualityTools.Tips.UnitTest.Adapter, Version=10.0.0.0, Culture=neutral, PublicKeyToken=b03f5f7f11d50a3a" className="TrocaFigurinhas.Tests.Business.UnitTest1, troca-figurinhas-web.Tests, Version=1.0.0.0, Culture=neutral, PublicKeyToken=null" name="TestMethod1" />
    </UnitTest>
    <UnitTest name="About" storage="c:\users\pfrozi\documents\visual studio 2010\projects\troca-figurinhas-web\troca-figurinhas-web.tests\bin\debug\troca-figurinhas-web.tests.dll" id="3bad39d9-1b60-7934-ef0b-2e1cfc98195b">
      <Execution id="9757dd2a-058f-48be-aec0-55b6799a1428" />
      <TestMethod codeBase="C:/Users/PFROZI/documents/visual studio 2010/Projects/troca-figurinhas-web/troca-figurinhas-web.Tests/bin/Debug/troca-figurinhas-web.Tests.DLL" adapterTypeName="Microsoft.VisualStudio.TestTools.TestTypes.Unit.UnitTestAdapter, Microsoft.VisualStudio.QualityTools.Tips.UnitTest.Adapter, Version=10.0.0.0, Culture=neutral, PublicKeyToken=b03f5f7f11d50a3a" className="TrocaFigurinhas.Tests.Controllers.HomeControllerTest, troca-figurinhas-web.Tests, Version=1.0.0.0, Culture=neutral, PublicKeyToken=null" name="About" />
    </UnitTest>
    <UnitTest name="Index" storage="c:\users\pfrozi\documents\visual studio 2010\projects\troca-figurinhas-web\troca-figurinhas-web.tests\bin\debug\troca-figurinhas-web.tests.dll" id="dec980b0-c26e-48d8-b474-c2e3c25f5791">
      <Execution id="9ba838bf-a2d8-443b-b7ba-1b19fd4256f3" />
      <TestMethod codeBase="C:/Users/PFROZI/documents/visual studio 2010/Projects/troca-figurinhas-web/troca-figurinhas-web.Tests/bin/Debug/troca-figurinhas-web.Tests.DLL" adapterTypeName="Microsoft.VisualStudio.TestTools.TestTypes.Unit.UnitTestAdapter, Microsoft.VisualStudio.QualityTools.Tips.UnitTest.Adapter, Version=10.0.0.0, Culture=neutral, PublicKeyToken=b03f5f7f11d50a3a" className="TrocaFigurinhas.Tests.Controllers.HomeControllerTest, troca-figurinhas-web.Tests, Version=1.0.0.0, Culture=neutral, PublicKeyToken=null" name="Index" />
    </UnitTest>
  </TestDefinitions>
  <TestLists>
    <TestList name="Results Not in a List" id="8c84fa94-04c1-424b-9868-57a2d4851a1d" />
    <TestList name="All Loaded Results" id="19431567-8539-422a-85d7-44ee4e166bda" />
  </TestLists>
  <TestEntries>
    <TestEntry testId="3bad39d9-1b60-7934-ef0b-2e1cfc98195b" executionId="9757dd2a-058f-48be-aec0-55b6799a1428" testListId="8c84fa94-04c1-424b-9868-57a2d4851a1d" />
    <TestEntry testId="8ccc8e44-7f4f-3e44-c273-57f7ee6f033f" executionId="7e47a000-1802-4a56-a1ec-afbe51f943de" testListId="8c84fa94-04c1-424b-9868-57a2d4851a1d" />
    <TestEntry testId="dec980b0-c26e-48d8-b474-c2e3c25f5791" executionId="9ba838bf-a2d8-443b-b7ba-1b19fd4256f3" testListId="8c84fa94-04c1-424b-9868-57a2d4851a1d" />
  </TestEntries>
  <Results>
    <UnitTestResult executionId="9757dd2a-058f-48be-aec0-55b6799a1428" testId="3bad39d9-1b60-7934-ef0b-2e1cfc98195b" testName="About" computerName="PFROZI-PC" duration="00:00:00.2014760" startTime="2013-11-14T11:19:10.3953969-02:00" endTime="2013-11-14T11:19:15.1246674-02:00" testType="13cdc9d9-ddb5-4fa4-a97d-d965ccfc6d4b" outcome="Passed" testListId="8c84fa94-04c1-424b-9868-57a2d4851a1d" relativeResultsDirectory="9757dd2a-058f-48be-aec0-55b6799a1428">
    </UnitTestResult>
    <UnitTestResult executionId="7e47a000-1802-4a56-a1ec-afbe51f943de" testId="8ccc8e44-7f4f-3e44-c273-57f7ee6f033f" testName="TestMethod1" computerName="PFROZI-PC" duration="00:00:43.0244609" startTime="2013-11-14T11:19:15.1596694-02:00" endTime="2013-11-14T11:19:58.1841303-02:00" testType="13cdc9d9-ddb5-4fa4-a97d-d965ccfc6d4b" outcome="Aborted" testListId="8c84fa94-04c1-424b-9868-57a2d4851a1d" relativeResultsDirectory="7e47a000-1802-4a56-a1ec-afbe51f943de">
    </UnitTestResult>
    <UnitTestResult executionId="9ba838bf-a2d8-443b-b7ba-1b19fd4256f3" testId="dec980b0-c26e-48d8-b474-c2e3c25f5791" testName="Index" computerName="PFROZI-PC" testType="13cdc9d9-ddb5-4fa4-a97d-d965ccfc6d4b" outcome="NotExecuted" testListId="8c84fa94-04c1-424b-9868-57a2d4851a1d" relativeResultsDirectory="9ba838bf-a2d8-443b-b7ba-1b19fd4256f3">
    </UnitTestResult>
  </Results>
</TestRun>